<?xml version="1.0" encoding="UTF-8"?>
<!-- Generated by org.testng.reporters.JUnitXMLReporter -->
<testsuite ignored="0" hostname="LAPTOP-604E8F04" failures="3" tests="3" name="Test Automation" time="8.008" errors="0" timestamp="2023-07-05T15:40:14 CLT">
  <testcase classname="test.java.carritocompras.CC_Test" name="CC_QA_Automatizacion" time="1.188">
    <failure type="java.lang.AssertionError" message="null">
      <![CDATA[java.lang.AssertionError: null
at main.java.utils.GG_Utils.eventFailed(GG_Utils.java:46)
at main.java.pageEvents.CC_PasosFuncionales.iniciarSesion(CC_PasosFuncionales.java:67)
at test.java.carritocompras.CC_Test.CC_QA_Automatizacion(CC_Test.java:29)
at java.base/java.util.ArrayList.forEach(ArrayList.java:1511)
... Removed 27 stack frames]]>
    </failure>
  </testcase> <!-- CC_QA_Automatizacion -->
  <testcase classname="test.java.carritocompras.CC_Test" name="CC_QA_Automatizacion" time="1.131">
    <failure type="java.lang.AssertionError" message="null">
      <![CDATA[java.lang.AssertionError: null
at main.java.utils.GG_Utils.eventFailed(GG_Utils.java:46)
at main.java.pageEvents.CC_PasosFuncionales.iniciarSesion(CC_PasosFuncionales.java:67)
at test.java.carritocompras.CC_Test.CC_QA_Automatizacion(CC_Test.java:29)
at java.base/java.util.ArrayList.forEach(ArrayList.java:1511)
... Removed 27 stack frames]]>
    </failure>
  </testcase> <!-- CC_QA_Automatizacion -->
  <testcase classname="test.java.carritocompras.CC_Test" name="CC_QA_Automatizacion" time="1.125">
    <failure type="java.lang.AssertionError" message="null">
      <![CDATA[java.lang.AssertionError: null
at main.java.utils.GG_Utils.eventFailed(GG_Utils.java:46)
at main.java.pageEvents.CC_PasosFuncionales.iniciarSesion(CC_PasosFuncionales.java:67)
at test.java.carritocompras.CC_Test.CC_QA_Automatizacion(CC_Test.java:29)
at java.base/java.util.ArrayList.forEach(ArrayList.java:1511)
... Removed 27 stack frames]]>
    </failure>
  </testcase> <!-- CC_QA_Automatizacion -->
</testsuite> <!-- Test Automation -->
