<?xml version="1.0" encoding="UTF-8"?>
<testsuite xmlns:xsi="http://www.w3.org/2001/XMLSchema-instance" xsi:schemaLocation="https://maven.apache.org/surefire/maven-surefire-plugin/xsd/surefire-test-report.xsd" name="TestSuite" time="55.186" tests="4" errors="0" skipped="0" failures="4">
  <properties>
    <property name="jansi.mode" value="force"/>
    <property name="java.runtime.name" value="OpenJDK Runtime Environment"/>
    <property name="java.vm.version" value="21.0.7+6-LTS"/>
    <property name="sun.boot.library.path" value="C:\Users\TG\.p2\pool\plugins\org.eclipse.justj.openjdk.hotspot.jre.full.win32.x86_64_21.0.7.v20250502-0916\jre\bin"/>
    <property name="maven.multiModuleProjectDirectory" value="C:\Users\TG\eclipse-workspace\Estructura-Base-New_2p"/>
    <property name="java.vm.vendor" value="Eclipse Adoptium"/>
    <property name="java.vendor.url" value="https://adoptium.net/"/>
    <property name="guice.disable.misplaced.annotation.check" value="true"/>
    <property name="path.separator" value=";"/>
    <property name="java.vm.name" value="OpenJDK 64-Bit Server VM"/>
    <property name="sun.os.patch.level" value=""/>
    <property name="user.script" value=""/>
    <property name="user.country" value="CL"/>
    <property name="sun.java.launcher" value="SUN_STANDARD"/>
    <property name="java.vm.specification.name" value="Java Virtual Machine Specification"/>
    <property name="user.dir" value="C:\Users\TG\eclipse-workspace\Estructura-Base-New_2p"/>
    <property name="java.vm.compressedOopsMode" value="32-bit"/>
    <property name="java.runtime.version" value="21.0.7+6-LTS"/>
    <property name="os.arch" value="amd64"/>
    <property name="java.io.tmpdir" value="C:\Users\TG\AppData\Local\Temp\"/>
    <property name="line.separator" value="&#10;"/>
    <property name="java.vm.specification.vendor" value="Oracle Corporation"/>
    <property name="user.variant" value=""/>
    <property name="stderr.encoding" value="UTF-8"/>
    <property name="os.name" value="Windows 11"/>
    <property name="classworlds.conf" value="C:\Users\TG\eclipse-workspace\.metadata\.plugins\org.eclipse.m2e.launching\launches\m2conf6305751840489676207.tmp"/>
    <property name="sun.jnu.encoding" value="Cp1252"/>
    <property name="stdout.encoding" value="UTF-8"/>
    <property name="java.library.path" value="C:\Users\TG\.p2\pool\plugins\org.eclipse.justj.openjdk.hotspot.jre.full.win32.x86_64_21.0.7.v20250502-0916\jre\bin;C:\WINDOWS\Sun\Java\bin;C:\WINDOWS\system32;C:\WINDOWS;C:/Users/TG/.p2/pool/plugins/org.eclipse.justj.openjdk.hotspot.jre.full.win32.x86_64_21.0.7.v20250502-0916/jre/bin/server;C:/Users/TG/.p2/pool/plugins/org.eclipse.justj.openjdk.hotspot.jre.full.win32.x86_64_21.0.7.v20250502-0916/jre/bin;C:\Program Files\Common Files\Oracle\Java\javapath;C:\WINDOWS\system32;C:\WINDOWS;C:\WINDOWS\System32\Wbem;C:\WINDOWS\System32\WindowsPowerShell\v1.0\;C:\WINDOWS\System32\OpenSSH\;C:\Users\TG\AppData\Local\Microsoft\WindowsApps;;C:\Users\TG\Desktop;;."/>
    <property name="jdk.debug" value="release"/>
    <property name="java.class.version" value="65.0"/>
    <property name="java.specification.name" value="Java Platform API Specification"/>
    <property name="sun.management.compiler" value="HotSpot 64-Bit Tiered Compilers"/>
    <property name="os.version" value="10.0"/>
    <property name="user.home" value="C:\Users\TG"/>
    <property name="user.timezone" value="America/New_York"/>
    <property name="file.encoding" value="UTF-8"/>
    <property name="java.specification.version" value="21"/>
    <property name="user.name" value="TG"/>
    <property name="java.class.path" value="C:\Users\TG\.p2\pool\plugins\org.eclipse.m2e.maven.runtime_3.9.900.20250220-2013\jars\plexus-classworlds-2.8.0.jar"/>
    <property name="java.vm.specification.version" value="21"/>
    <property name="sun.arch.data.model" value="64"/>
    <property name="sun.java.command" value="org.codehaus.plexus.classworlds.launcher.Launcher -B -Dstyle.color=always test"/>
    <property name="java.home" value="C:\Users\TG\.p2\pool\plugins\org.eclipse.justj.openjdk.hotspot.jre.full.win32.x86_64_21.0.7.v20250502-0916\jre"/>
    <property name="user.language" value="es"/>
    <property name="java.specification.vendor" value="Oracle Corporation"/>
    <property name="java.vm.info" value="mixed mode, sharing"/>
    <property name="java.version" value="21.0.7"/>
    <property name="native.encoding" value="Cp1252"/>
    <property name="java.vendor" value="Eclipse Adoptium"/>
    <property name="maven.home" value="C:\Users\TG\eclipse-workspace\Estructura-Base-New_2p\EMBEDDED"/>
    <property name="style.color" value="always"/>
    <property name="file.separator" value="\"/>
    <property name="java.version.date" value="2025-04-15"/>
    <property name="java.vendor.url.bug" value="https://github.com/adoptium/adoptium-support/issues"/>
    <property name="sun.io.unicode.encoding" value="UnicodeLittle"/>
    <property name="sun.cpu.endian" value="little"/>
    <property name="java.vendor.version" value="Temurin-21.0.7+6"/>
    <property name="m2e.build.project.data.socket.port" value="51430"/>
    <property name="sun.cpu.isalist" value="amd64"/>
  </properties>
  <testcase name="CC_QA_Automatizacion" classname="test.java.carritocompras.CC_Test" time="11.765">
    <failure message="Index 5 out of bounds for length 5" type="java.lang.ArrayIndexOutOfBoundsException">java.lang.ArrayIndexOutOfBoundsException: Index 5 out of bounds for length 5
	at test.java.carritocompras.CC_Test.CC_QA_Automatizacion(CC_Test.java:30)
</failure>
    <system-out><![CDATA[*** Archivo leido: c://Estructura_Base//CC_Logs_2p//\data\TotalCasosDePruebas.txt
*** Total Casos de Prueba a ejecutar: 4.
*** La ejecución del Flujo será visible por pantalla.
1) PASO FUNCIONAL iniciado: iniciarSesion
 [evento] Se ha ingresado el texto 'standard_user' en el campo: user-name
 [evento] Se ha ingresado el texto 'secret_sauce' en el campo: password
 [evento] Se ha hecho clic en el boton: Login
[OK] Se ha ingresado correctamente a la pagina: Products
]]></system-out>
    <system-err><![CDATA[Starting ChromeDriver 136.0.7103.92 (cb81a4cc5087a8303a6c8827ee2b80b71d26e334-refs/branch-heads/7103@{#1840}) on port 33978
Only local connections are allowed.
Please see https://chromedriver.chromium.org/security-considerations for suggestions on keeping ChromeDriver safe.
ChromeDriver was started successfully on port 33978.
[1747663791.712][WARNING]: Deprecated chrome option is ignored: useAutomationExtension
[1747663791.712][WARNING]: Deprecated chrome option is ignored: useAutomationExtension
May 19, 2025 10:09:53 AM org.openqa.selenium.remote.ProtocolHandshake createSession
INFO: Detected dialect: W3C
]]></system-err>
  </testcase>
  <testcase name="CC_QA_Automatizacion" classname="test.java.carritocompras.CC_Test" time="11.746">
    <failure message="Index 5 out of bounds for length 5" type="java.lang.ArrayIndexOutOfBoundsException">java.lang.ArrayIndexOutOfBoundsException: Index 5 out of bounds for length 5
	at test.java.carritocompras.CC_Test.CC_QA_Automatizacion(CC_Test.java:30)
</failure>
    <system-out><![CDATA[1) PASO FUNCIONAL iniciado: iniciarSesion
 [evento] Se ha ingresado el texto 'standard_user' en el campo: user-name
 [evento] Se ha ingresado el texto 'secret_sauce' en el campo: password
 [evento] Se ha hecho clic en el boton: Login
[OK] Se ha ingresado correctamente a la pagina: Products
]]></system-out>
    <system-err><![CDATA[Starting ChromeDriver 136.0.7103.92 (cb81a4cc5087a8303a6c8827ee2b80b71d26e334-refs/branch-heads/7103@{#1840}) on port 31038
Only local connections are allowed.
Please see https://chromedriver.chromium.org/security-considerations for suggestions on keeping ChromeDriver safe.
ChromeDriver was started successfully on port 31038.
[1747663805.642][WARNING]: Deprecated chrome option is ignored: useAutomationExtension
[1747663805.642][WARNING]: Deprecated chrome option is ignored: useAutomationExtension
May 19, 2025 10:10:06 AM org.openqa.selenium.remote.ProtocolHandshake createSession
INFO: Detected dialect: W3C
]]></system-err>
  </testcase>
  <testcase name="CC_QA_Automatizacion" classname="test.java.carritocompras.CC_Test" time="11.775">
    <failure message="Index 5 out of bounds for length 5" type="java.lang.ArrayIndexOutOfBoundsException">java.lang.ArrayIndexOutOfBoundsException: Index 5 out of bounds for length 5
	at test.java.carritocompras.CC_Test.CC_QA_Automatizacion(CC_Test.java:30)
</failure>
    <system-out><![CDATA[1) PASO FUNCIONAL iniciado: iniciarSesion
 [evento] Se ha ingresado el texto 'standard_user' en el campo: user-name
 [evento] Se ha ingresado el texto 'secret_sauce' en el campo: password
 [evento] Se ha hecho clic en el boton: Login
[OK] Se ha ingresado correctamente a la pagina: Products
]]></system-out>
    <system-err><![CDATA[Starting ChromeDriver 136.0.7103.92 (cb81a4cc5087a8303a6c8827ee2b80b71d26e334-refs/branch-heads/7103@{#1840}) on port 16785
Only local connections are allowed.
Please see https://chromedriver.chromium.org/security-considerations for suggestions on keeping ChromeDriver safe.
ChromeDriver was started successfully on port 16785.
[1747663819.011][WARNING]: Deprecated chrome option is ignored: useAutomationExtension
[1747663819.011][WARNING]: Deprecated chrome option is ignored: useAutomationExtension
May 19, 2025 10:10:20 AM org.openqa.selenium.remote.ProtocolHandshake createSession
INFO: Detected dialect: W3C
]]></system-err>
  </testcase>
  <testcase name="CC_QA_Automatizacion" classname="test.java.carritocompras.CC_Test" time="11.749">
    <failure message="Index 5 out of bounds for length 5" type="java.lang.ArrayIndexOutOfBoundsException">java.lang.ArrayIndexOutOfBoundsException: Index 5 out of bounds for length 5
	at test.java.carritocompras.CC_Test.CC_QA_Automatizacion(CC_Test.java:30)
</failure>
    <system-out><![CDATA[1) PASO FUNCIONAL iniciado: iniciarSesion
 [evento] Se ha ingresado el texto 'standard_user' en el campo: user-name
 [evento] Se ha ingresado el texto 'secret_sauce' en el campo: password
 [evento] Se ha hecho clic en el boton: Login
[OK] Se ha ingresado correctamente a la pagina: Products
]]></system-out>
    <system-err><![CDATA[Starting ChromeDriver 136.0.7103.92 (cb81a4cc5087a8303a6c8827ee2b80b71d26e334-refs/branch-heads/7103@{#1840}) on port 37771
Only local connections are allowed.
Please see https://chromedriver.chromium.org/security-considerations for suggestions on keeping ChromeDriver safe.
ChromeDriver was started successfully on port 37771.
[1747663832.384][WARNING]: Deprecated chrome option is ignored: useAutomationExtension
[1747663832.384][WARNING]: Deprecated chrome option is ignored: useAutomationExtension
May 19, 2025 10:10:33 AM org.openqa.selenium.remote.ProtocolHandshake createSession
INFO: Detected dialect: W3C
]]></system-err>
  </testcase>
</testsuite>